{
  "0 debug pnpm:scope": {
    "selected": 1
  },
  "1 error pnpm": {
    "code": "ELIFECYCLE",
    "errno": "ENOENT",
    "syscall": "spawn",
    "file": "sh",
    "pkgid": "react-app@1.0.0",
    "stage": "start",
    "script": "webpack-dev-server --mode=development --open --hot",
    "pkgname": "react-app",
    "err": {
      "name": "pnpm",
      "message": "react-app@1.0.0 start: `webpack-dev-server --mode=development --open --hot`\nspawn ENOENT",
      "code": "ELIFECYCLE",
      "stack": "pnpm: react-app@1.0.0 start: `webpack-dev-server --mode=development --open --hot`\nspawn ENOENT\n    at ChildProcess.<anonymous> (/home/shinkar/.local/share/pnpm/global/5/.pnpm/pnpm@7.2.1/node_modules/pnpm/dist/pnpm.cjs:93917:22)\n    at ChildProcess.emit (events.js:400:28)\n    at maybeClose (internal/child_process.js:1088:16)\n    at Process.ChildProcess._handle.onexit (internal/child_process.js:296:5)"
    }
  },
  "2 warn pnpm:global": " Local package.json exists, but node_modules missing, did you mean to install?"
}